Using pre-set license
Built from '2021.1/release' branch; Version is '2021.1.0f1 (61a549675243) revision 6399305'; Using compiler version '192528614'; Build Type 'Release'
OS: 'Windows 10 Pro; OS build 19044.1620; Version 2009; 64bit' Language: 'es' Physical Memory: 8071 MB
BatchMode: 1, IsHumanControllingUs: 0, StartBugReporterOnCrash: 0, Is64bit: 1, IsPro: 0

 COMMAND LINE ARGUMENTS:
D:\Programas\Unity\Hub\Editor\2021.1.0f1\Editor\Unity.exe
-adb2
-batchMode
-noUpm
-name
AssetImportWorker0
-projectPath
D:/jhonn/Pinball
-logFile
Logs/AssetImportWorker0.log
-srvPort
56199
Successfully changed project path to: D:/jhonn/Pinball
D:/jhonn/Pinball
Using Asset Import Pipeline V2.
Refreshing native plugins compatible for Editor in 169.67 ms, found 2 plugins.
Preloading 0 native plugins for Editor in 0.00 ms.
Initialize engine version: 2021.1.0f1 (61a549675243)
[Subsystems] Discovering subsystems at path D:/Programas/Unity/Hub/Editor/2021.1.0f1/Editor/Data/Resources/UnitySubsystems
[Subsystems] Discovering subsystems at path D:/jhonn/Pinball/Assets
GfxDevice: creating device client; threaded=0; jobified=0
Direct3D:
    Version:  Direct3D 11.0 [level 11.1]
    Renderer: Intel(R) HD Graphics Family (ID=0xa16)
    Vendor:   Intel
    VRAM:     2048 MB
    Driver:   20.19.15.5126
Initialize mono
Mono path[0] = 'D:/Programas/Unity/Hub/Editor/2021.1.0f1/Editor/Data/Managed'
Mono path[1] = 'D:/Programas/Unity/Hub/Editor/2021.1.0f1/Editor/Data/MonoBleedingEdge/lib/mono/unityjit'
Mono config path = 'D:/Programas/Unity/Hub/Editor/2021.1.0f1/Editor/Data/MonoBleedingEdge/etc'
Using monoOptions --debugger-agent=transport=dt_socket,embedding=1,server=y,suspend=n,address=127.0.0.1:56428
Begin MonoManager ReloadAssembly
Registering precompiled unity dll's ...
Register platform support module: D:/Programas/Unity/Hub/Editor/2021.1.0f1/Editor/Data/PlaybackEngines/WindowsStandaloneSupport/UnityEditor.WindowsStandalone.Extensions.dll
Registered in 0.001707 seconds.
Native extension for WindowsStandalone target not found
Refreshing native plugins compatible for Editor in 171.39 ms, found 2 plugins.
Preloading 0 native plugins for Editor in 0.00 ms.
Mono: successfully reloaded assembly
- Completed reload, in  2.905 seconds
Platform modules already initialized, skipping
Registering precompiled user dll's ...
Registered in 0.007255 seconds.
Begin MonoManager ReloadAssembly
Native extension for WindowsStandalone target not found
Refreshing native plugins compatible for Editor in 192.16 ms, found 2 plugins.
Preloading 0 native plugins for Editor in 0.00 ms.
Mono: successfully reloaded assembly
- Completed reload, in  2.208 seconds
Platform modules already initialized, skipping
========================================================================
Worker process is ready to serve import requests
Launched and connected shader compiler UnityShaderCompiler.exe after 0.11 seconds
Refreshing native plugins compatible for Editor in 1.64 ms, found 2 plugins.
Preloading 0 native plugins for Editor in 0.00 ms.
Unloading 3661 Unused Serialized files (Serialized files now loaded: 0)
System memory in use before: 149.4 MB.
System memory in use after: 149.5 MB.

Unloading 30 unused Assets to reduce memory usage. Loaded Objects now: 4132.
Total: 6.035800 ms (FindLiveObjects: 0.771200 ms CreateObjectMapping: 0.544300 ms MarkObjects: 4.500100 ms  DeleteObjects: 0.217900 ms)

========================================================================
Received Import Request.
  path: Assets/Scenes
  artifactKey: Guid(5f72187d952cf904d9f3f3d55ef6555e) Importer(815301076,1909f56bfc062723c751e8b465ee728b)
Start importing Assets/Scenes using Guid(5f72187d952cf904d9f3f3d55ef6555e) Importer(815301076,1909f56bfc062723c751e8b465ee728b)  -> (artifact id: 'e4a127c6d2bdf02b466125244b2a0833') in 0.018479 seconds 
========================================================================
Received Prepare
Refreshing native plugins compatible for Editor in 8.96 ms, found 2 plugins.
Preloading 0 native plugins for Editor in 0.00 ms.
Unloading 15 Unused Serialized files (Serialized files now loaded: 0)
System memory in use before: 77.1 MB.
System memory in use after: 77.3 MB.

Unloading 15 unused Assets to reduce memory usage. Loaded Objects now: 4132.
Total: 4.969500 ms (FindLiveObjects: 0.902000 ms CreateObjectMapping: 0.484300 ms MarkObjects: 3.389400 ms  DeleteObjects: 0.190900 ms)

========================================================================
Received Import Request.
  Time since last request: 39.256518 seconds.
  path: Assets/Scenes/Controls.inputactions
  artifactKey: Guid(c2cfb532b3b5d854caa43efc590a9196) Importer(815301076,1909f56bfc062723c751e8b465ee728b)
Start importing Assets/Scenes/Controls.inputactions using Guid(c2cfb532b3b5d854caa43efc590a9196) Importer(815301076,1909f56bfc062723c751e8b465ee728b)  -> (artifact id: 'e2fc0d72539196e1c8c4daa3dd6a81e9') in 0.077461 seconds 
========================================================================
Received Import Request.
  Time since last request: 350.544516 seconds.
  path: Assets/Scenes/Controls.inputactions
  artifactKey: Guid(c2cfb532b3b5d854caa43efc590a9196) Importer(815301076,1909f56bfc062723c751e8b465ee728b)
Start importing Assets/Scenes/Controls.inputactions using Guid(c2cfb532b3b5d854caa43efc590a9196) Importer(815301076,1909f56bfc062723c751e8b465ee728b)  -> (artifact id: '19f64332c7b08037a77f23d87c68ea09') in 0.015691 seconds 
========================================================================
Received Import Request.
  Time since last request: 40.326654 seconds.
  path: Assets/Scenes/Controls.inputactions
  artifactKey: Guid(c2cfb532b3b5d854caa43efc590a9196) Importer(815301076,1909f56bfc062723c751e8b465ee728b)
Start importing Assets/Scenes/Controls.inputactions using Guid(c2cfb532b3b5d854caa43efc590a9196) Importer(815301076,1909f56bfc062723c751e8b465ee728b)  -> (artifact id: '5fb6e433272df926ec2b8925203dedd3') in 0.005699 seconds 
========================================================================
Received Prepare
Registering precompiled user dll's ...
Registered in 0.006725 seconds.
Begin MonoManager ReloadAssembly
Native extension for WindowsStandalone target not found
Refreshing native plugins compatible for Editor in 0.89 ms, found 2 plugins.
Preloading 0 native plugins for Editor in 0.00 ms.
Mono: successfully reloaded assembly
- Completed reload, in  1.738 seconds
Platform modules already initialized, skipping
Refreshing native plugins compatible for Editor in 1.67 ms, found 2 plugins.
Preloading 0 native plugins for Editor in 0.00 ms.
Unloading 3656 Unused Serialized files (Serialized files now loaded: 0)
System memory in use before: 149.6 MB.
System memory in use after: 149.8 MB.

Unloading 17 unused Assets to reduce memory usage. Loaded Objects now: 4136.
Total: 5.485000 ms (FindLiveObjects: 0.756600 ms CreateObjectMapping: 0.487900 ms MarkObjects: 4.043300 ms  DeleteObjects: 0.194200 ms)

========================================================================
Received Prepare
Registering precompiled user dll's ...
Registered in 0.004849 seconds.
Begin MonoManager ReloadAssembly
Native extension for WindowsStandalone target not found
Refreshing native plugins compatible for Editor in 0.95 ms, found 2 plugins.
Preloading 0 native plugins for Editor in 0.00 ms.
Mono: successfully reloaded assembly
- Completed reload, in  1.711 seconds
Platform modules already initialized, skipping
Refreshing native plugins compatible for Editor in 2.01 ms, found 2 plugins.
Preloading 0 native plugins for Editor in 0.00 ms.
Unloading 3656 Unused Serialized files (Serialized files now loaded: 0)
System memory in use before: 149.7 MB.
System memory in use after: 149.8 MB.

Unloading 17 unused Assets to reduce memory usage. Loaded Objects now: 4140.
Total: 6.971300 ms (FindLiveObjects: 0.654500 ms CreateObjectMapping: 0.423000 ms MarkObjects: 5.666700 ms  DeleteObjects: 0.223600 ms)

========================================================================
Received Prepare
Registering precompiled user dll's ...
Registered in 0.004656 seconds.
Begin MonoManager ReloadAssembly
Native extension for WindowsStandalone target not found
Refreshing native plugins compatible for Editor in 0.88 ms, found 2 plugins.
Preloading 0 native plugins for Editor in 0.00 ms.
Mono: successfully reloaded assembly
- Completed reload, in  1.704 seconds
Platform modules already initialized, skipping
Refreshing native plugins compatible for Editor in 22.62 ms, found 2 plugins.
Preloading 0 native plugins for Editor in 0.00 ms.
Unloading 3656 Unused Serialized files (Serialized files now loaded: 0)
System memory in use before: 149.8 MB.
System memory in use after: 149.9 MB.

Unloading 17 unused Assets to reduce memory usage. Loaded Objects now: 4144.
Total: 4.758600 ms (FindLiveObjects: 0.825300 ms CreateObjectMapping: 0.391300 ms MarkObjects: 3.361900 ms  DeleteObjects: 0.177800 ms)

========================================================================
Received Prepare
Registering precompiled user dll's ...
Registered in 0.004798 seconds.
Begin MonoManager ReloadAssembly
Native extension for WindowsStandalone target not found
Refreshing native plugins compatible for Editor in 0.89 ms, found 2 plugins.
Preloading 0 native plugins for Editor in 0.00 ms.
Mono: successfully reloaded assembly
- Completed reload, in  1.718 seconds
Platform modules already initialized, skipping
Refreshing native plugins compatible for Editor in 1.81 ms, found 2 plugins.
Preloading 0 native plugins for Editor in 0.00 ms.
Unloading 3656 Unused Serialized files (Serialized files now loaded: 0)
System memory in use before: 149.8 MB.
System memory in use after: 149.9 MB.

Unloading 17 unused Assets to reduce memory usage. Loaded Objects now: 4148.
Total: 5.119200 ms (FindLiveObjects: 0.810200 ms CreateObjectMapping: 0.550800 ms MarkObjects: 3.595500 ms  DeleteObjects: 0.159800 ms)

========================================================================
Received Prepare
Registering precompiled user dll's ...
Registered in 0.004839 seconds.
Begin MonoManager ReloadAssembly
Native extension for WindowsStandalone target not found
Refreshing native plugins compatible for Editor in 0.86 ms, found 2 plugins.
Preloading 0 native plugins for Editor in 0.00 ms.
Mono: successfully reloaded assembly
- Completed reload, in  1.635 seconds
Platform modules already initialized, skipping
Refreshing native plugins compatible for Editor in 3.60 ms, found 2 plugins.
Preloading 0 native plugins for Editor in 0.00 ms.
Unloading 3656 Unused Serialized files (Serialized files now loaded: 0)
System memory in use before: 149.8 MB.
System memory in use after: 149.9 MB.

Unloading 17 unused Assets to reduce memory usage. Loaded Objects now: 4152.
Total: 7.884500 ms (FindLiveObjects: 0.771300 ms CreateObjectMapping: 0.578300 ms MarkObjects: 6.227900 ms  DeleteObjects: 0.303000 ms)

========================================================================
Received Prepare
Registering precompiled user dll's ...
Registered in 0.004920 seconds.
Begin MonoManager ReloadAssembly
Native extension for WindowsStandalone target not found
Refreshing native plugins compatible for Editor in 0.90 ms, found 2 plugins.
Preloading 0 native plugins for Editor in 0.00 ms.
Mono: successfully reloaded assembly
- Completed reload, in  1.545 seconds
Platform modules already initialized, skipping
Refreshing native plugins compatible for Editor in 2.01 ms, found 2 plugins.
Preloading 0 native plugins for Editor in 0.00 ms.
Unloading 3656 Unused Serialized files (Serialized files now loaded: 0)
System memory in use before: 149.8 MB.
System memory in use after: 149.9 MB.

Unloading 17 unused Assets to reduce memory usage. Loaded Objects now: 4156.
Total: 4.640300 ms (FindLiveObjects: 0.614100 ms CreateObjectMapping: 0.432500 ms MarkObjects: 3.388300 ms  DeleteObjects: 0.203200 ms)

========================================================================
Received Import Request.
  Time since last request: 666.040960 seconds.
  path: Assets/Scenes/Controls.inputactions
  artifactKey: Guid(c2cfb532b3b5d854caa43efc590a9196) Importer(815301076,1909f56bfc062723c751e8b465ee728b)
Start importing Assets/Scenes/Controls.inputactions using Guid(c2cfb532b3b5d854caa43efc590a9196) Importer(815301076,1909f56bfc062723c751e8b465ee728b)  -> (artifact id: 'c44da1b11ee59a407f70b81dfda4915e') in 0.027754 seconds 
========================================================================
Received Import Request.
  Time since last request: 80.049919 seconds.
  path: Assets/Scenes/Controls.inputactions
  artifactKey: Guid(c2cfb532b3b5d854caa43efc590a9196) Importer(815301076,1909f56bfc062723c751e8b465ee728b)
Start importing Assets/Scenes/Controls.inputactions using Guid(c2cfb532b3b5d854caa43efc590a9196) Importer(815301076,1909f56bfc062723c751e8b465ee728b)  -> (artifact id: 'f7baaf1b7e400735184a435f993d4ae7') in 0.009594 seconds 
========================================================================
Received Prepare
Registering precompiled user dll's ...
Registered in 0.005009 seconds.
Begin MonoManager ReloadAssembly
Native extension for WindowsStandalone target not found
Refreshing native plugins compatible for Editor in 0.86 ms, found 2 plugins.
Preloading 0 native plugins for Editor in 0.00 ms.
Mono: successfully reloaded assembly
- Completed reload, in  1.670 seconds
Platform modules already initialized, skipping
Refreshing native plugins compatible for Editor in 1.58 ms, found 2 plugins.
Preloading 0 native plugins for Editor in 0.00 ms.
Unloading 3656 Unused Serialized files (Serialized files now loaded: 0)
System memory in use before: 149.8 MB.
System memory in use after: 149.9 MB.

Unloading 17 unused Assets to reduce memory usage. Loaded Objects now: 4160.
Total: 4.905000 ms (FindLiveObjects: 0.754900 ms CreateObjectMapping: 0.453800 ms MarkObjects: 3.507000 ms  DeleteObjects: 0.181500 ms)

========================================================================
Received Prepare
Registering precompiled user dll's ...
Registered in 0.004647 seconds.
Begin MonoManager ReloadAssembly
Native extension for WindowsStandalone target not found
Refreshing native plugins compatible for Editor in 1.43 ms, found 2 plugins.
Preloading 0 native plugins for Editor in 0.00 ms.
Mono: successfully reloaded assembly
- Completed reload, in  1.857 seconds
Platform modules already initialized, skipping
Refreshing native plugins compatible for Editor in 1.82 ms, found 2 plugins.
Preloading 0 native plugins for Editor in 0.00 ms.
Unloading 3656 Unused Serialized files (Serialized files now loaded: 0)
System memory in use before: 149.8 MB.
System memory in use after: 149.9 MB.

Unloading 17 unused Assets to reduce memory usage. Loaded Objects now: 4164.
Total: 6.117600 ms (FindLiveObjects: 0.522600 ms CreateObjectMapping: 0.397700 ms MarkObjects: 4.997800 ms  DeleteObjects: 0.197100 ms)

========================================================================
Received Prepare
Registering precompiled user dll's ...
Registered in 0.004794 seconds.
Begin MonoManager ReloadAssembly
Native extension for WindowsStandalone target not found
Refreshing native plugins compatible for Editor in 0.86 ms, found 2 plugins.
Preloading 0 native plugins for Editor in 0.00 ms.
Mono: successfully reloaded assembly
- Completed reload, in  1.608 seconds
Platform modules already initialized, skipping
Refreshing native plugins compatible for Editor in 1.96 ms, found 2 plugins.
Preloading 0 native plugins for Editor in 0.00 ms.
Unloading 3656 Unused Serialized files (Serialized files now loaded: 0)
System memory in use before: 149.8 MB.
System memory in use after: 150.0 MB.

Unloading 17 unused Assets to reduce memory usage. Loaded Objects now: 4168.
Total: 6.476100 ms (FindLiveObjects: 0.443800 ms CreateObjectMapping: 0.315100 ms MarkObjects: 5.537900 ms  DeleteObjects: 0.177000 ms)

========================================================================
Received Prepare
Registering precompiled user dll's ...
Registered in 0.006715 seconds.
Begin MonoManager ReloadAssembly
Native extension for WindowsStandalone target not found
Refreshing native plugins compatible for Editor in 0.89 ms, found 2 plugins.
Preloading 0 native plugins for Editor in 0.00 ms.
Mono: successfully reloaded assembly
- Completed reload, in  1.669 seconds
Platform modules already initialized, skipping
Refreshing native plugins compatible for Editor in 1.68 ms, found 2 plugins.
Preloading 0 native plugins for Editor in 0.00 ms.
Unloading 3656 Unused Serialized files (Serialized files now loaded: 0)
System memory in use before: 149.9 MB.
System memory in use after: 150.0 MB.

Unloading 17 unused Assets to reduce memory usage. Loaded Objects now: 4172.
Total: 6.714900 ms (FindLiveObjects: 0.907900 ms CreateObjectMapping: 0.602400 ms MarkObjects: 5.028400 ms  DeleteObjects: 0.173700 ms)

========================================================================
Received Prepare
Registering precompiled user dll's ...
Registered in 0.004241 seconds.
Begin MonoManager ReloadAssembly
Native extension for WindowsStandalone target not found
Refreshing native plugins compatible for Editor in 0.86 ms, found 2 plugins.
Preloading 0 native plugins for Editor in 0.00 ms.
Mono: successfully reloaded assembly
- Completed reload, in  1.471 seconds
Platform modules already initialized, skipping
Refreshing native plugins compatible for Editor in 1.69 ms, found 2 plugins.
Preloading 0 native plugins for Editor in 0.00 ms.
Unloading 3656 Unused Serialized files (Serialized files now loaded: 0)
System memory in use before: 149.9 MB.
System memory in use after: 150.0 MB.

Unloading 17 unused Assets to reduce memory usage. Loaded Objects now: 4176.
Total: 5.073800 ms (FindLiveObjects: 0.623100 ms CreateObjectMapping: 0.580000 ms MarkObjects: 3.684400 ms  DeleteObjects: 0.184100 ms)

========================================================================
Received Import Request.
  Time since last request: 743.538213 seconds.
  path: Assets/Scenes/Round.physicsMaterial2D
  artifactKey: Guid(bacc0053533e4a44c9c85f1dc33c7a55) Importer(815301076,1909f56bfc062723c751e8b465ee728b)
Start importing Assets/Scenes/Round.physicsMaterial2D using Guid(bacc0053533e4a44c9c85f1dc33c7a55) Importer(815301076,1909f56bfc062723c751e8b465ee728b)  -> (artifact id: 'da41973bde8c76de44a660a57a207b03') in 0.026634 seconds 
========================================================================
Received Prepare
Registering precompiled user dll's ...
Registered in 0.004720 seconds.
Begin MonoManager ReloadAssembly
Native extension for WindowsStandalone target not found
Refreshing native plugins compatible for Editor in 0.89 ms, found 2 plugins.
Preloading 0 native plugins for Editor in 0.00 ms.
Mono: successfully reloaded assembly
- Completed reload, in  1.689 seconds
Platform modules already initialized, skipping
Refreshing native plugins compatible for Editor in 1.62 ms, found 2 plugins.
Preloading 0 native plugins for Editor in 0.00 ms.
Unloading 3656 Unused Serialized files (Serialized files now loaded: 0)
System memory in use before: 149.9 MB.
System memory in use after: 150.0 MB.

Unloading 17 unused Assets to reduce memory usage. Loaded Objects now: 4180.
Total: 9.214600 ms (FindLiveObjects: 3.075400 ms CreateObjectMapping: 0.818400 ms MarkObjects: 5.132000 ms  DeleteObjects: 0.184800 ms)

========================================================================
Received Prepare
Registering precompiled user dll's ...
Registered in 0.006544 seconds.
Begin MonoManager ReloadAssembly
Native extension for WindowsStandalone target not found
Refreshing native plugins compatible for Editor in 0.91 ms, found 2 plugins.
Preloading 0 native plugins for Editor in 0.00 ms.
Mono: successfully reloaded assembly
- Completed reload, in  1.707 seconds
Platform modules already initialized, skipping
Refreshing native plugins compatible for Editor in 2.39 ms, found 2 plugins.
Preloading 0 native plugins for Editor in 0.00 ms.
Unloading 3656 Unused Serialized files (Serialized files now loaded: 0)
System memory in use before: 149.9 MB.
System memory in use after: 150.0 MB.

Unloading 17 unused Assets to reduce memory usage. Loaded Objects now: 4184.
Total: 4.819400 ms (FindLiveObjects: 0.816700 ms CreateObjectMapping: 0.540000 ms MarkObjects: 3.289400 ms  DeleteObjects: 0.171100 ms)

========================================================================
Received Prepare
Registering precompiled user dll's ...
Registered in 0.004744 seconds.
Begin MonoManager ReloadAssembly
Native extension for WindowsStandalone target not found
Refreshing native plugins compatible for Editor in 0.91 ms, found 2 plugins.
Preloading 0 native plugins for Editor in 0.00 ms.
Mono: successfully reloaded assembly
- Completed reload, in  1.727 seconds
Platform modules already initialized, skipping
Refreshing native plugins compatible for Editor in 1.67 ms, found 2 plugins.
Preloading 0 native plugins for Editor in 0.00 ms.
Unloading 3656 Unused Serialized files (Serialized files now loaded: 0)
System memory in use before: 149.9 MB.
System memory in use after: 150.0 MB.

Unloading 17 unused Assets to reduce memory usage. Loaded Objects now: 4188.
Total: 5.076400 ms (FindLiveObjects: 0.575000 ms CreateObjectMapping: 0.316300 ms MarkObjects: 3.986000 ms  DeleteObjects: 0.195300 ms)

========================================================================
Received Prepare
Registering precompiled user dll's ...
Registered in 0.005396 seconds.
Begin MonoManager ReloadAssembly
Native extension for WindowsStandalone target not found
Refreshing native plugins compatible for Editor in 0.87 ms, found 2 plugins.
Preloading 0 native plugins for Editor in 0.00 ms.
Mono: successfully reloaded assembly
- Completed reload, in  1.612 seconds
Platform modules already initialized, skipping
Refreshing native plugins compatible for Editor in 1.68 ms, found 2 plugins.
Preloading 0 native plugins for Editor in 0.00 ms.
Unloading 3656 Unused Serialized files (Serialized files now loaded: 0)
System memory in use before: 149.9 MB.
System memory in use after: 150.0 MB.

Unloading 17 unused Assets to reduce memory usage. Loaded Objects now: 4192.
Total: 4.771300 ms (FindLiveObjects: 0.591300 ms CreateObjectMapping: 0.368400 ms MarkObjects: 3.575900 ms  DeleteObjects: 0.233600 ms)

========================================================================
Received Prepare
Registering precompiled user dll's ...
Registered in 0.004687 seconds.
Begin MonoManager ReloadAssembly
Native extension for WindowsStandalone target not found
Refreshing native plugins compatible for Editor in 0.93 ms, found 2 plugins.
Preloading 0 native plugins for Editor in 0.00 ms.
Mono: successfully reloaded assembly
- Completed reload, in  1.672 seconds
Platform modules already initialized, skipping
Refreshing native plugins compatible for Editor in 1.44 ms, found 2 plugins.
Preloading 0 native plugins for Editor in 0.00 ms.
Unloading 3656 Unused Serialized files (Serialized files now loaded: 0)
System memory in use before: 149.9 MB.
System memory in use after: 150.0 MB.

Unloading 17 unused Assets to reduce memory usage. Loaded Objects now: 4196.
Total: 7.426400 ms (FindLiveObjects: 0.916700 ms CreateObjectMapping: 0.869000 ms MarkObjects: 5.440000 ms  DeleteObjects: 0.197100 ms)

========================================================================
Received Prepare
Registering precompiled user dll's ...
Registered in 0.004675 seconds.
Begin MonoManager ReloadAssembly
Native extension for WindowsStandalone target not found
Refreshing native plugins compatible for Editor in 0.92 ms, found 2 plugins.
Preloading 0 native plugins for Editor in 0.00 ms.
Mono: successfully reloaded assembly
- Completed reload, in  1.646 seconds
Platform modules already initialized, skipping
Refreshing native plugins compatible for Editor in 1.51 ms, found 2 plugins.
Preloading 0 native plugins for Editor in 0.00 ms.
Unloading 3656 Unused Serialized files (Serialized files now loaded: 0)
System memory in use before: 149.9 MB.
System memory in use after: 150.1 MB.

Unloading 17 unused Assets to reduce memory usage. Loaded Objects now: 4200.
Total: 4.767200 ms (FindLiveObjects: 0.674900 ms CreateObjectMapping: 0.530500 ms MarkObjects: 3.382800 ms  DeleteObjects: 0.176900 ms)

========================================================================
Received Prepare
Registering precompiled user dll's ...
Registered in 0.004890 seconds.
Begin MonoManager ReloadAssembly
Native extension for WindowsStandalone target not found
Refreshing native plugins compatible for Editor in 1.67 ms, found 2 plugins.
Preloading 0 native plugins for Editor in 0.00 ms.
Mono: successfully reloaded assembly
- Completed reload, in  1.669 seconds
Platform modules already initialized, skipping
Refreshing native plugins compatible for Editor in 1.70 ms, found 2 plugins.
Preloading 0 native plugins for Editor in 0.00 ms.
Unloading 3656 Unused Serialized files (Serialized files now loaded: 0)
System memory in use before: 149.9 MB.
System memory in use after: 150.1 MB.

Unloading 17 unused Assets to reduce memory usage. Loaded Objects now: 4204.
Total: 5.072000 ms (FindLiveObjects: 0.663300 ms CreateObjectMapping: 0.314800 ms MarkObjects: 3.923200 ms  DeleteObjects: 0.168400 ms)

========================================================================
Received Prepare
Registering precompiled user dll's ...
Registered in 0.004630 seconds.
Begin MonoManager ReloadAssembly
Native extension for WindowsStandalone target not found
Refreshing native plugins compatible for Editor in 1.02 ms, found 2 plugins.
Preloading 0 native plugins for Editor in 0.00 ms.
Mono: successfully reloaded assembly
- Completed reload, in  1.765 seconds
Platform modules already initialized, skipping
Refreshing native plugins compatible for Editor in 1.51 ms, found 2 plugins.
Preloading 0 native plugins for Editor in 0.00 ms.
Unloading 3656 Unused Serialized files (Serialized files now loaded: 0)
System memory in use before: 150.0 MB.
System memory in use after: 150.1 MB.

Unloading 17 unused Assets to reduce memory usage. Loaded Objects now: 4208.
Total: 4.768600 ms (FindLiveObjects: 0.584800 ms CreateObjectMapping: 0.484900 ms MarkObjects: 3.492700 ms  DeleteObjects: 0.203300 ms)

========================================================================
Received Import Request.
  Time since last request: 1233.985532 seconds.
  path: Assets/OtherRebound.physicsMaterial2D
  artifactKey: Guid(7b9218d2e2113c94ab8869713eff0381) Importer(815301076,1909f56bfc062723c751e8b465ee728b)
Start importing Assets/OtherRebound.physicsMaterial2D using Guid(7b9218d2e2113c94ab8869713eff0381) Importer(815301076,1909f56bfc062723c751e8b465ee728b)  -> (artifact id: 'bbe3e52c79b60374548185ffa069a420') in 0.074687 seconds 
========================================================================
Received Import Request.
  Time since last request: 0.000219 seconds.
  path: Assets/ReboundBall.physicsMaterial2D
  artifactKey: Guid(2d6667be36c44c34eb5d189d53ede25f) Importer(815301076,1909f56bfc062723c751e8b465ee728b)
Start importing Assets/ReboundBall.physicsMaterial2D using Guid(2d6667be36c44c34eb5d189d53ede25f) Importer(815301076,1909f56bfc062723c751e8b465ee728b)  -> (artifact id: 'a94d2fb8ba76445d44ae01ed68c79b6a') in 0.020676 seconds 
========================================================================
Received Prepare
Registering precompiled user dll's ...
Registered in 0.004598 seconds.
Begin MonoManager ReloadAssembly
Native extension for WindowsStandalone target not found
Refreshing native plugins compatible for Editor in 0.91 ms, found 2 plugins.
Preloading 0 native plugins for Editor in 0.00 ms.
Mono: successfully reloaded assembly
- Completed reload, in  1.656 seconds
Platform modules already initialized, skipping
Refreshing native plugins compatible for Editor in 5.00 ms, found 2 plugins.
Preloading 0 native plugins for Editor in 0.00 ms.
Unloading 3656 Unused Serialized files (Serialized files now loaded: 0)
System memory in use before: 150.0 MB.
System memory in use after: 150.1 MB.

Unloading 17 unused Assets to reduce memory usage. Loaded Objects now: 4212.
Total: 4.539200 ms (FindLiveObjects: 0.634100 ms CreateObjectMapping: 0.326700 ms MarkObjects: 3.415600 ms  DeleteObjects: 0.159600 ms)

========================================================================
Received Prepare
Registering precompiled user dll's ...
Registered in 0.006023 seconds.
Begin MonoManager ReloadAssembly
Native extension for WindowsStandalone target not found
Refreshing native plugins compatible for Editor in 0.87 ms, found 2 plugins.
Preloading 0 native plugins for Editor in 0.00 ms.
Mono: successfully reloaded assembly
- Completed reload, in  1.677 seconds
Platform modules already initialized, skipping
Refreshing native plugins compatible for Editor in 1.56 ms, found 2 plugins.
Preloading 0 native plugins for Editor in 0.00 ms.
Unloading 3656 Unused Serialized files (Serialized files now loaded: 0)
System memory in use before: 150.0 MB.
System memory in use after: 150.1 MB.

Unloading 17 unused Assets to reduce memory usage. Loaded Objects now: 4216.
Total: 4.344900 ms (FindLiveObjects: 0.587400 ms CreateObjectMapping: 0.302100 ms MarkObjects: 3.291900 ms  DeleteObjects: 0.161300 ms)

========================================================================
Received Prepare
Registering precompiled user dll's ...
Registered in 0.004720 seconds.
Begin MonoManager ReloadAssembly
Native extension for WindowsStandalone target not found
Refreshing native plugins compatible for Editor in 0.93 ms, found 2 plugins.
Preloading 0 native plugins for Editor in 0.00 ms.
Mono: successfully reloaded assembly
- Completed reload, in  1.710 seconds
Platform modules already initialized, skipping
Refreshing native plugins compatible for Editor in 1.63 ms, found 2 plugins.
Preloading 0 native plugins for Editor in 0.00 ms.
Unloading 3656 Unused Serialized files (Serialized files now loaded: 0)
System memory in use before: 150.0 MB.
System memory in use after: 150.1 MB.

Unloading 17 unused Assets to reduce memory usage. Loaded Objects now: 4220.
Total: 5.260000 ms (FindLiveObjects: 0.886600 ms CreateObjectMapping: 0.491300 ms MarkObjects: 3.604400 ms  DeleteObjects: 0.275000 ms)

========================================================================
Received Prepare
Registering precompiled user dll's ...
Registered in 0.005206 seconds.
Begin MonoManager ReloadAssembly
Native extension for WindowsStandalone target not found
Refreshing native plugins compatible for Editor in 0.87 ms, found 2 plugins.
Preloading 0 native plugins for Editor in 0.00 ms.
Mono: successfully reloaded assembly
- Completed reload, in  1.644 seconds
Platform modules already initialized, skipping
Refreshing native plugins compatible for Editor in 8.40 ms, found 2 plugins.
Preloading 0 native plugins for Editor in 0.00 ms.
Unloading 3656 Unused Serialized files (Serialized files now loaded: 0)
System memory in use before: 150.0 MB.
System memory in use after: 150.1 MB.

Unloading 17 unused Assets to reduce memory usage. Loaded Objects now: 4224.
Total: 5.049800 ms (FindLiveObjects: 0.506500 ms CreateObjectMapping: 0.353700 ms MarkObjects: 3.992400 ms  DeleteObjects: 0.194900 ms)

========================================================================
Received Prepare
Registering precompiled user dll's ...
Registered in 0.004940 seconds.
Begin MonoManager ReloadAssembly
Native extension for WindowsStandalone target not found
Refreshing native plugins compatible for Editor in 0.94 ms, found 2 plugins.
Preloading 0 native plugins for Editor in 0.00 ms.
Mono: successfully reloaded assembly
- Completed reload, in  1.617 seconds
Platform modules already initialized, skipping
Refreshing native plugins compatible for Editor in 5.41 ms, found 2 plugins.
Preloading 0 native plugins for Editor in 0.00 ms.
Unloading 3656 Unused Serialized files (Serialized files now loaded: 0)
System memory in use before: 150.0 MB.
System memory in use after: 150.1 MB.

Unloading 17 unused Assets to reduce memory usage. Loaded Objects now: 4228.
Total: 6.180000 ms (FindLiveObjects: 0.851300 ms CreateObjectMapping: 0.536400 ms MarkObjects: 4.599200 ms  DeleteObjects: 0.190600 ms)

========================================================================
Received Prepare
Registering precompiled user dll's ...
Registered in 0.006585 seconds.
Begin MonoManager ReloadAssembly
Native extension for WindowsStandalone target not found
Refreshing native plugins compatible for Editor in 0.87 ms, found 2 plugins.
Preloading 0 native plugins for Editor in 0.00 ms.
Mono: successfully reloaded assembly
- Completed reload, in  1.692 seconds
Platform modules already initialized, skipping
Refreshing native plugins compatible for Editor in 1.97 ms, found 2 plugins.
Preloading 0 native plugins for Editor in 0.00 ms.
Unloading 3656 Unused Serialized files (Serialized files now loaded: 0)
System memory in use before: 150.0 MB.
System memory in use after: 150.1 MB.

Unloading 17 unused Assets to reduce memory usage. Loaded Objects now: 4232.
Total: 5.893100 ms (FindLiveObjects: 0.735800 ms CreateObjectMapping: 0.504000 ms MarkObjects: 4.482200 ms  DeleteObjects: 0.168600 ms)

========================================================================
Received Prepare
Registering precompiled user dll's ...
Registered in 0.004536 seconds.
Begin MonoManager ReloadAssembly
Native extension for WindowsStandalone target not found
Refreshing native plugins compatible for Editor in 0.91 ms, found 2 plugins.
Preloading 0 native plugins for Editor in 0.00 ms.
Mono: successfully reloaded assembly
- Completed reload, in  2.280 seconds
Platform modules already initialized, skipping
Refreshing native plugins compatible for Editor in 1.65 ms, found 2 plugins.
Preloading 0 native plugins for Editor in 0.00 ms.
Unloading 3656 Unused Serialized files (Serialized files now loaded: 0)
System memory in use before: 150.0 MB.
System memory in use after: 150.1 MB.

Unloading 17 unused Assets to reduce memory usage. Loaded Objects now: 4236.
Total: 5.163200 ms (FindLiveObjects: 0.596900 ms CreateObjectMapping: 0.492900 ms MarkObjects: 3.872600 ms  DeleteObjects: 0.198200 ms)

========================================================================
Received Prepare
Registering precompiled user dll's ...
Registered in 0.007080 seconds.
Begin MonoManager ReloadAssembly
Native extension for WindowsStandalone target not found
Refreshing native plugins compatible for Editor in 0.92 ms, found 2 plugins.
Preloading 0 native plugins for Editor in 0.00 ms.
Mono: successfully reloaded assembly
- Completed reload, in  1.448 seconds
Platform modules already initialized, skipping
Refreshing native plugins compatible for Editor in 1.60 ms, found 2 plugins.
Preloading 0 native plugins for Editor in 0.00 ms.
Unloading 3656 Unused Serialized files (Serialized files now loaded: 0)
System memory in use before: 150.1 MB.
System memory in use after: 150.2 MB.

Unloading 17 unused Assets to reduce memory usage. Loaded Objects now: 4240.
Total: 4.140000 ms (FindLiveObjects: 0.443100 ms CreateObjectMapping: 0.269300 ms MarkObjects: 3.266500 ms  DeleteObjects: 0.159400 ms)

========================================================================
Received Import Request.
  Time since last request: 349.022288 seconds.
  path: Assets/ReboundBall.physicsMaterial2D
  artifactKey: Guid(2d6667be36c44c34eb5d189d53ede25f) Importer(815301076,1909f56bfc062723c751e8b465ee728b)
Start importing Assets/ReboundBall.physicsMaterial2D using Guid(2d6667be36c44c34eb5d189d53ede25f) Importer(815301076,1909f56bfc062723c751e8b465ee728b)  -> (artifact id: '0a30715b9d5aedab0143ced26246043e') in 0.018311 seconds 
========================================================================
Received Import Request.
  Time since last request: 281.091776 seconds.
  path: Assets/Scenes/SampleScene.unity
  artifactKey: Guid(2cda990e2423bbf4892e6590ba056729) Importer(815301076,1909f56bfc062723c751e8b465ee728b)
Start importing Assets/Scenes/SampleScene.unity using Guid(2cda990e2423bbf4892e6590ba056729) Importer(815301076,1909f56bfc062723c751e8b465ee728b)  -> (artifact id: '27e8750a113fc94c0b5713c8885b5f1c') in 0.012829 seconds 
========================================================================
Received Import Request.
  Time since last request: 0.045790 seconds.
  path: Assets/Scenes/Round.physicsMaterial2D
  artifactKey: Guid(bacc0053533e4a44c9c85f1dc33c7a55) Importer(815301076,1909f56bfc062723c751e8b465ee728b)
Start importing Assets/Scenes/Round.physicsMaterial2D using Guid(bacc0053533e4a44c9c85f1dc33c7a55) Importer(815301076,1909f56bfc062723c751e8b465ee728b)  -> (artifact id: 'baeb2363d6cb8517ff07ae35263c2055') in 0.003958 seconds 
AssetImportWorkerClient::OnTransportError - code=2 error=End of file
